Determining if the pthread_create exist failed with the following output:
Change Dir: /home/shivin/helios/SAGVis/build/CMakeFiles/CMakeTmp

Run Build Command:"/usr/bin/make" "cmTC_e4855/fast"
/usr/bin/make -f CMakeFiles/cmTC_e4855.dir/build.make CMakeFiles/cmTC_e4855.dir/build
make[1]: Entering directory '/home/shivin/helios/SAGVis/build/CMakeFiles/CMakeTmp'
Building C object CMakeFiles/cmTC_e4855.dir/CheckSymbolExists.c.o
/usr/bin/cc    -g    -o CMakeFiles/cmTC_e4855.dir/CheckSymbolExists.c.o   -c /home/shivin/helios/SAGVis/build/CMakeFiles/CMakeTmp/CheckSymbolExists.c
Linking C executable cmTC_e4855
/usr/bin/cmake -E cmake_link_script CMakeFiles/cmTC_e4855.dir/link.txt --verbose=1
/usr/bin/cc  -g     CMakeFiles/cmTC_e4855.dir/CheckSymbolExists.c.o  -o cmTC_e4855 -rdynamic 
CMakeFiles/cmTC_e4855.dir/CheckSymbolExists.c.o: In function `main':
/home/shivin/helios/SAGVis/build/CMakeFiles/CMakeTmp/CheckSymbolExists.c:8: undefined reference to `pthread_create'
collect2: error: ld returned 1 exit status
CMakeFiles/cmTC_e4855.dir/build.make:97: recipe for target 'cmTC_e4855' failed
make[1]: *** [cmTC_e4855] Error 1
make[1]: Leaving directory '/home/shivin/helios/SAGVis/build/CMakeFiles/CMakeTmp'
Makefile:126: recipe for target 'cmTC_e4855/fast' failed
make: *** [cmTC_e4855/fast] Error 2

File /home/shivin/helios/SAGVis/build/CMakeFiles/CMakeTmp/CheckSymbolExists.c:
/* */
#include <pthread.h>

int main(int argc, char** argv)
{
  (void)argv;
#ifndef pthread_create
  return ((int*)(&pthread_create))[argc];
#else
  (void)argc;
  return 0;
#endif
}

Determining if the function pthread_create exists in the pthreads failed with the following output:
Change Dir: /home/shivin/helios/SAGVis/build/CMakeFiles/CMakeTmp

Run Build Command:"/usr/bin/make" "cmTC_7fcf0/fast"
/usr/bin/make -f CMakeFiles/cmTC_7fcf0.dir/build.make CMakeFiles/cmTC_7fcf0.dir/build
make[1]: Entering directory '/home/shivin/helios/SAGVis/build/CMakeFiles/CMakeTmp'
Building C object CMakeFiles/cmTC_7fcf0.dir/CheckFunctionExists.c.o
/usr/bin/cc    -g -DCHECK_FUNCTION_EXISTS=pthread_create   -o CMakeFiles/cmTC_7fcf0.dir/CheckFunctionExists.c.o   -c /usr/share/cmake-3.5/Modules/CheckFunctionExists.c
Linking C executable cmTC_7fcf0
/usr/bin/cmake -E cmake_link_script CMakeFiles/cmTC_7fcf0.dir/link.txt --verbose=1
/usr/bin/cc  -g -DCHECK_FUNCTION_EXISTS=pthread_create    CMakeFiles/cmTC_7fcf0.dir/CheckFunctionExists.c.o  -o cmTC_7fcf0 -rdynamic -lpthreads 
/usr/bin/ld: cannot find -lpthreads
collect2: error: ld returned 1 exit status
CMakeFiles/cmTC_7fcf0.dir/build.make:97: recipe for target 'cmTC_7fcf0' failed
make[1]: *** [cmTC_7fcf0] Error 1
make[1]: Leaving directory '/home/shivin/helios/SAGVis/build/CMakeFiles/CMakeTmp'
Makefile:126: recipe for target 'cmTC_7fcf0/fast' failed
make: *** [cmTC_7fcf0/fast] Error 2


